{"/Users/bobbysebolao/Documents/github/bobbysebolao.github.io/src/readingTimeCalculator.js": {"path":"/Users/bobbysebolao/Documents/github/bobbysebolao.github.io/src/readingTimeCalculator.js","statementMap":{"0":{"start":{"line":1,"column":30},"end":{"line":3,"column":1}},"1":{"start":{"line":2,"column":2},"end":{"line":2,"column":51}},"2":{"start":{"line":5,"column":0},"end":{"line":5,"column":39}}},"fnMap":{"0":{"name":"(anonymous_0)","decl":{"start":{"line":1,"column":30},"end":{"line":1,"column":31}},"loc":{"start":{"line":1,"column":40},"end":{"line":3,"column":1}},"line":1}},"branchMap":{},"s":{"0":2,"1":2,"2":2},"f":{"0":2},"b":{},"_coverageSchema":"43e27e138ebf9cfc5966b082cf9a028302ed4184","hash":"eff8b191d1468bd2489ccb8d5f237da43fcf8a18"}
,"/Users/bobbysebolao/Documents/github/bobbysebolao.github.io/src/database/db_build.js": {"path":"/Users/bobbysebolao/Documents/github/bobbysebolao.github.io/src/database/db_build.js","statementMap":{"0":{"start":{"line":1,"column":11},"end":{"line":1,"column":24}},"1":{"start":{"line":2,"column":13},"end":{"line":2,"column":28}},"2":{"start":{"line":4,"column":22},"end":{"line":25,"column":1}},"3":{"start":{"line":5,"column":25},"end":{"line":5,"column":54}},"4":{"start":{"line":6,"column":14},"end":{"line":6,"column":55}},"5":{"start":{"line":8,"column":0},"end":{"line":10,"column":1}},"6":{"start":{"line":9,"column":2},"end":{"line":9,"column":54}},"7":{"start":{"line":12,"column":0},"end":{"line":14,"column":1}},"8":{"start":{"line":13,"column":2},"end":{"line":13,"column":55}},"9":{"start":{"line":16,"column":12},"end":{"line":16,"column":47}},"10":{"start":{"line":18,"column":2},"end":{"line":24,"column":61}},"11":{"start":{"line":20,"column":4},"end":{"line":20,"column":57}},"12":{"start":{"line":21,"column":4},"end":{"line":21,"column":30}},"13":{"start":{"line":24,"column":16},"end":{"line":24,"column":59}},"14":{"start":{"line":27,"column":0},"end":{"line":27,"column":31}}},"fnMap":{"0":{"name":"(anonymous_0)","decl":{"start":{"line":4,"column":22},"end":{"line":4,"column":23}},"loc":{"start":{"line":4,"column":28},"end":{"line":25,"column":1}},"line":4},"1":{"name":"(anonymous_1)","decl":{"start":{"line":19,"column":8},"end":{"line":19,"column":9}},"loc":{"start":{"line":19,"column":14},"end":{"line":22,"column":3}},"line":19},"2":{"name":"(anonymous_2)","decl":{"start":{"line":24,"column":9},"end":{"line":24,"column":10}},"loc":{"start":{"line":24,"column":16},"end":{"line":24,"column":59}},"line":24}},"branchMap":{"0":{"loc":{"start":{"line":8,"column":0},"end":{"line":10,"column":1}},"type":"if","locations":[{"start":{"line":8,"column":0},"end":{"line":10,"column":1}},{"start":{"line":8,"column":0},"end":{"line":10,"column":1}}],"line":8},"1":{"loc":{"start":{"line":12,"column":0},"end":{"line":14,"column":1}},"type":"if","locations":[{"start":{"line":12,"column":0},"end":{"line":14,"column":1}},{"start":{"line":12,"column":0},"end":{"line":14,"column":1}}],"line":12}},"s":{"0":1,"1":1,"2":1,"3":1,"4":1,"5":1,"6":1,"7":1,"8":0,"9":1,"10":1,"11":1,"12":1,"13":0,"14":1},"f":{"0":1,"1":1,"2":0},"b":{"0":[1,0],"1":[0,1]},"_coverageSchema":"43e27e138ebf9cfc5966b082cf9a028302ed4184","hash":"3c88bbbe77d3f6ec7ddfa3e49fad755b27f86ba6"}
,"/Users/bobbysebolao/Documents/github/bobbysebolao.github.io/src/database/db_connection.js": {"path":"/Users/bobbysebolao/Documents/github/bobbysebolao.github.io/src/database/db_connection.js","statementMap":{"0":{"start":{"line":1,"column":17},"end":{"line":1,"column":30}},"1":{"start":{"line":3,"column":12},"end":{"line":3,"column":26}},"2":{"start":{"line":5,"column":0},"end":{"line":5,"column":32}},"3":{"start":{"line":7,"column":13},"end":{"line":7,"column":36}},"4":{"start":{"line":9,"column":0},"end":{"line":11,"column":1}},"5":{"start":{"line":10,"column":2},"end":{"line":10,"column":36}},"6":{"start":{"line":13,"column":0},"end":{"line":15,"column":1}},"7":{"start":{"line":14,"column":2},"end":{"line":14,"column":35}},"8":{"start":{"line":17,"column":0},"end":{"line":19,"column":1}},"9":{"start":{"line":18,"column":2},"end":{"line":18,"column":63}},"10":{"start":{"line":21,"column":15},"end":{"line":21,"column":32}},"11":{"start":{"line":23,"column":29},"end":{"line":23,"column":51}},"12":{"start":{"line":25,"column":16},"end":{"line":32,"column":1}},"13":{"start":{"line":34,"column":0},"end":{"line":34,"column":43}},"14":{"start":{"line":36,"column":0},"end":{"line":39,"column":2}}},"fnMap":{},"branchMap":{"0":{"loc":{"start":{"line":9,"column":0},"end":{"line":11,"column":1}},"type":"if","locations":[{"start":{"line":9,"column":0},"end":{"line":11,"column":1}},{"start":{"line":9,"column":0},"end":{"line":11,"column":1}}],"line":9},"1":{"loc":{"start":{"line":13,"column":0},"end":{"line":15,"column":1}},"type":"if","locations":[{"start":{"line":13,"column":0},"end":{"line":15,"column":1}},{"start":{"line":13,"column":0},"end":{"line":15,"column":1}}],"line":13},"2":{"loc":{"start":{"line":17,"column":0},"end":{"line":19,"column":1}},"type":"if","locations":[{"start":{"line":17,"column":0},"end":{"line":19,"column":1}},{"start":{"line":17,"column":0},"end":{"line":19,"column":1}}],"line":17},"3":{"loc":{"start":{"line":29,"column":7},"end":{"line":29,"column":42}},"type":"binary-expr","locations":[{"start":{"line":29,"column":7},"end":{"line":29,"column":37}},{"start":{"line":29,"column":41},"end":{"line":29,"column":42}}],"line":29}},"s":{"0":1,"1":1,"2":1,"3":1,"4":1,"5":0,"6":1,"7":1,"8":1,"9":0,"10":1,"11":1,"12":1,"13":1,"14":1},"f":{},"b":{"0":[0,1],"1":[1,0],"2":[0,1],"3":[1,1]},"_coverageSchema":"43e27e138ebf9cfc5966b082cf9a028302ed4184","hash":"618c1dae781646389d4c11522b7424165ba6b24e"}
,"/Users/bobbysebolao/Documents/github/bobbysebolao.github.io/src/queries/getAllPosts.js": {"path":"/Users/bobbysebolao/Documents/github/bobbysebolao.github.io/src/queries/getAllPosts.js","statementMap":{"0":{"start":{"line":1,"column":25},"end":{"line":1,"column":64}},"1":{"start":{"line":3,"column":20},"end":{"line":22,"column":1}},"2":{"start":{"line":4,"column":4},"end":{"line":21,"column":3}},"3":{"start":{"line":5,"column":4},"end":{"line":12,"column":4}},"4":{"start":{"line":7,"column":6},"end":{"line":9,"column":7}},"5":{"start":{"line":8,"column":8},"end":{"line":8,"column":20}},"6":{"start":{"line":10,"column":6},"end":{"line":10,"column":24}},"7":{"start":{"line":24,"column":0},"end":{"line":24,"column":29}}},"fnMap":{"0":{"name":"(anonymous_0)","decl":{"start":{"line":3,"column":20},"end":{"line":3,"column":21}},"loc":{"start":{"line":3,"column":26},"end":{"line":22,"column":1}},"line":3},"1":{"name":"(anonymous_1)","decl":{"start":{"line":4,"column":23},"end":{"line":4,"column":24}},"loc":{"start":{"line":4,"column":44},"end":{"line":21,"column":1}},"line":4},"2":{"name":"(anonymous_2)","decl":{"start":{"line":6,"column":4},"end":{"line":6,"column":5}},"loc":{"start":{"line":6,"column":18},"end":{"line":11,"column":5}},"line":6}},"branchMap":{"0":{"loc":{"start":{"line":7,"column":6},"end":{"line":9,"column":7}},"type":"if","locations":[{"start":{"line":7,"column":6},"end":{"line":9,"column":7}},{"start":{"line":7,"column":6},"end":{"line":9,"column":7}}],"line":7}},"s":{"0":1,"1":1,"2":1,"3":1,"4":1,"5":1,"6":1,"7":1},"f":{"0":1,"1":1,"2":1},"b":{"0":[1,0]},"_coverageSchema":"43e27e138ebf9cfc5966b082cf9a028302ed4184","hash":"8a9cf4f219e710f77ab8ae9c13ca064935ff8909"}
}
