TN:
SF:/Users/bobbysebolao/Documents/github/bobbysebolao.github.io/src/readingTimeCalculator.js
FN:1,(anonymous_0)
FNF:1
FNH:1
FNDA:2,(anonymous_0)
DA:1,2
DA:2,2
DA:5,2
LF:3
LH:3
BRF:0
BRH:0
end_of_record
TN:
SF:/Users/bobbysebolao/Documents/github/bobbysebolao.github.io/src/database/db_build.js
FN:4,(anonymous_0)
FN:19,(anonymous_1)
FN:24,(anonymous_2)
FNF:3
FNH:2
FNDA:1,(anonymous_0)
FNDA:1,(anonymous_1)
FNDA:0,(anonymous_2)
DA:1,1
DA:2,1
DA:4,1
DA:5,1
DA:6,1
DA:8,1
DA:9,1
DA:12,1
DA:13,0
DA:16,1
DA:18,1
DA:20,1
DA:21,1
DA:24,0
DA:27,1
LF:15
LH:13
BRDA:8,0,0,1
BRDA:8,0,1,0
BRDA:12,1,0,0
BRDA:12,1,1,1
BRF:4
BRH:2
end_of_record
TN:
SF:/Users/bobbysebolao/Documents/github/bobbysebolao.github.io/src/database/db_connection.js
FNF:0
FNH:0
DA:1,1
DA:3,1
DA:5,1
DA:7,1
DA:9,1
DA:10,0
DA:13,1
DA:14,1
DA:17,1
DA:18,0
DA:21,1
DA:23,1
DA:25,1
DA:34,1
DA:36,1
LF:15
LH:13
BRDA:9,0,0,0
BRDA:9,0,1,1
BRDA:13,1,0,1
BRDA:13,1,1,0
BRDA:17,2,0,0
BRDA:17,2,1,1
BRDA:29,3,0,1
BRDA:29,3,1,1
BRF:8
BRH:5
end_of_record
TN:
SF:/Users/bobbysebolao/Documents/github/bobbysebolao.github.io/src/queries/getAllPosts.js
FN:3,(anonymous_0)
FN:4,(anonymous_1)
FN:6,(anonymous_2)
FNF:3
FNH:3
FNDA:1,(anonymous_0)
FNDA:1,(anonymous_1)
FNDA:1,(anonymous_2)
DA:1,1
DA:3,1
DA:4,1
DA:5,1
DA:7,1
DA:8,1
DA:10,1
DA:24,1
LF:8
LH:8
BRDA:7,0,0,1
BRDA:7,0,1,0
BRF:2
BRH:1
end_of_record
