TN:
SF:/Users/bobbysebolao/Documents/side-projects/bobbysebolao.com/src/database/db_build.js
FN:4,(anonymous_0)
FN:19,(anonymous_1)
FN:20,(anonymous_2)
FNF:3
FNH:2
FNDA:1,(anonymous_0)
FNDA:1,(anonymous_1)
FNDA:0,(anonymous_2)
DA:1,1
DA:2,1
DA:4,1
DA:5,1
DA:6,1
DA:8,1
DA:9,1
DA:12,1
DA:13,0
DA:16,1
DA:18,1
DA:19,1
DA:20,0
DA:23,1
LF:14
LH:12
BRDA:8,0,0,1
BRDA:8,0,1,0
BRDA:12,1,0,0
BRDA:12,1,1,1
BRF:4
BRH:2
end_of_record
TN:
SF:/Users/bobbysebolao/Documents/side-projects/bobbysebolao.com/src/database/db_connection.js
FNF:0
FNH:0
DA:1,1
DA:3,1
DA:5,1
DA:7,1
DA:9,1
DA:11,1
DA:12,0
DA:15,1
DA:16,1
DA:19,1
DA:20,0
DA:23,1
DA:24,1
DA:26,1
DA:35,1
DA:36,0
DA:42,1
LF:17
LH:14
BRDA:11,0,0,0
BRDA:11,0,1,1
BRDA:15,1,0,1
BRDA:15,1,1,0
BRDA:19,2,0,0
BRDA:19,2,1,1
BRDA:30,3,0,1
BRDA:30,3,1,1
BRDA:35,4,0,0
BRDA:35,4,1,1
BRF:10
BRH:6
end_of_record
TN:
SF:/Users/bobbysebolao/Documents/side-projects/bobbysebolao.com/src/helpers/readingTimeCalculator.js
FN:1,(anonymous_0)
FNF:1
FNH:1
FNDA:2,(anonymous_0)
DA:1,2
DA:2,2
DA:5,2
LF:3
LH:3
BRF:0
BRH:0
end_of_record
TN:
SF:/Users/bobbysebolao/Documents/side-projects/bobbysebolao.com/src/queries/deleteEmailVerificationToken.js
FN:3,(anonymous_0)
FN:6,(anonymous_1)
FNF:2
FNH:1
FNDA:2,(anonymous_0)
FNDA:0,(anonymous_1)
DA:1,1
DA:3,1
DA:4,2
DA:7,0
DA:11,1
LF:5
LH:4
BRF:0
BRH:0
end_of_record
TN:
SF:/Users/bobbysebolao/Documents/side-projects/bobbysebolao.com/src/queries/getAllMainImages.js
FN:3,(anonymous_0)
FN:5,(anonymous_1)
FNF:2
FNH:1
FNDA:1,(anonymous_0)
FNDA:0,(anonymous_1)
DA:1,1
DA:3,1
DA:4,1
DA:6,0
DA:10,1
LF:5
LH:4
BRF:0
BRH:0
end_of_record
TN:
SF:/Users/bobbysebolao/Documents/side-projects/bobbysebolao.com/src/queries/getAllPosts.js
FN:3,(anonymous_0)
FN:5,(anonymous_1)
FNF:2
FNH:1
FNDA:1,(anonymous_0)
FNDA:0,(anonymous_1)
DA:1,1
DA:3,1
DA:4,1
DA:6,0
DA:10,1
LF:5
LH:4
BRF:0
BRH:0
end_of_record
TN:
SF:/Users/bobbysebolao/Documents/side-projects/bobbysebolao.com/src/queries/getAllThumbnails.js
FN:3,(anonymous_0)
FN:5,(anonymous_1)
FNF:2
FNH:1
FNDA:1,(anonymous_0)
FNDA:0,(anonymous_1)
DA:1,1
DA:3,1
DA:4,1
DA:6,0
DA:10,1
LF:5
LH:4
BRF:0
BRH:0
end_of_record
TN:
SF:/Users/bobbysebolao/Documents/side-projects/bobbysebolao.com/src/queries/getComments.js
FN:3,(anonymous_0)
FN:6,(anonymous_1)
FNF:2
FNH:1
FNDA:1,(anonymous_0)
FNDA:0,(anonymous_1)
DA:1,1
DA:3,1
DA:4,1
DA:7,0
DA:11,1
LF:5
LH:4
BRF:0
BRH:0
end_of_record
TN:
SF:/Users/bobbysebolao/Documents/side-projects/bobbysebolao.com/src/queries/getEmailVerificationToken.js
FN:3,(anonymous_0)
FN:6,(anonymous_1)
FNF:2
FNH:1
FNDA:2,(anonymous_0)
FNDA:0,(anonymous_1)
DA:1,1
DA:3,1
DA:4,2
DA:7,0
DA:11,1
LF:5
LH:4
BRF:0
BRH:0
end_of_record
TN:
SF:/Users/bobbysebolao/Documents/side-projects/bobbysebolao.com/src/queries/getPost.js
FN:3,(anonymous_0)
FN:5,(anonymous_1)
FNF:2
FNH:1
FNDA:2,(anonymous_0)
FNDA:0,(anonymous_1)
DA:1,1
DA:3,1
DA:4,2
DA:6,0
DA:10,1
LF:5
LH:4
BRF:0
BRH:0
end_of_record
TN:
SF:/Users/bobbysebolao/Documents/side-projects/bobbysebolao.com/src/queries/getTags.js
FN:3,(anonymous_0)
FN:6,(anonymous_1)
FNF:2
FNH:1
FNDA:1,(anonymous_0)
FNDA:0,(anonymous_1)
DA:1,1
DA:3,1
DA:4,1
DA:7,0
DA:11,1
LF:5
LH:4
BRF:0
BRH:0
end_of_record
TN:
SF:/Users/bobbysebolao/Documents/side-projects/bobbysebolao.com/src/queries/getUser.js
FN:3,(anonymous_0)
FN:6,(anonymous_1)
FNF:2
FNH:1
FNDA:3,(anonymous_0)
FNDA:0,(anonymous_1)
DA:1,1
DA:3,1
DA:4,3
DA:7,0
DA:11,1
LF:5
LH:4
BRF:0
BRH:0
end_of_record
TN:
SF:/Users/bobbysebolao/Documents/side-projects/bobbysebolao.com/src/queries/getUsername.js
FN:3,(anonymous_0)
FN:6,(anonymous_1)
FNF:2
FNH:1
FNDA:1,(anonymous_0)
FNDA:0,(anonymous_1)
DA:1,1
DA:3,1
DA:4,1
DA:7,0
DA:11,1
LF:5
LH:4
BRF:0
BRH:0
end_of_record
TN:
SF:/Users/bobbysebolao/Documents/side-projects/bobbysebolao.com/src/queries/submitEmailVerificationToken.js
FN:3,(anonymous_0)
FN:7,(anonymous_1)
FNF:2
FNH:2
FNDA:2,(anonymous_0)
FNDA:1,(anonymous_1)
DA:1,1
DA:3,1
DA:4,2
DA:8,1
DA:12,1
LF:5
LH:5
BRF:0
BRH:0
end_of_record
TN:
SF:/Users/bobbysebolao/Documents/side-projects/bobbysebolao.com/src/queries/submitNewComment.js
FN:3,(anonymous_0)
FN:7,(anonymous_1)
FNF:2
FNH:1
FNDA:1,(anonymous_0)
FNDA:0,(anonymous_1)
DA:1,1
DA:3,1
DA:4,1
DA:8,0
DA:12,1
LF:5
LH:4
BRF:0
BRH:0
end_of_record
TN:
SF:/Users/bobbysebolao/Documents/side-projects/bobbysebolao.com/src/queries/submitNewImage.js
FN:3,(anonymous_0)
FN:7,(anonymous_1)
FNF:2
FNH:1
FNDA:1,(anonymous_0)
FNDA:0,(anonymous_1)
DA:1,1
DA:3,1
DA:4,1
DA:8,0
DA:12,1
LF:5
LH:4
BRF:0
BRH:0
end_of_record
TN:
SF:/Users/bobbysebolao/Documents/side-projects/bobbysebolao.com/src/queries/submitNewPost.js
FN:3,(anonymous_0)
FN:22,(anonymous_1)
FNF:2
FNH:1
FNDA:1,(anonymous_0)
FNDA:0,(anonymous_1)
DA:1,1
DA:3,1
DA:4,1
DA:23,0
DA:27,1
LF:5
LH:4
BRF:0
BRH:0
end_of_record
TN:
SF:/Users/bobbysebolao/Documents/side-projects/bobbysebolao.com/src/queries/submitNewThumbnail.js
FN:3,(anonymous_0)
FN:7,(anonymous_1)
FNF:2
FNH:1
FNDA:1,(anonymous_0)
FNDA:0,(anonymous_1)
DA:1,1
DA:3,1
DA:4,1
DA:8,0
DA:12,1
LF:5
LH:4
BRF:0
BRH:0
end_of_record
TN:
SF:/Users/bobbysebolao/Documents/side-projects/bobbysebolao.com/src/queries/submitNewUser.js
FN:3,(anonymous_0)
FN:20,(anonymous_1)
FNF:2
FNH:1
FNDA:1,(anonymous_0)
FNDA:0,(anonymous_1)
DA:1,1
DA:3,1
DA:4,1
DA:21,0
DA:25,1
LF:5
LH:4
BRF:0
BRH:0
end_of_record
TN:
SF:/Users/bobbysebolao/Documents/side-projects/bobbysebolao.com/src/queries/updateVerifiedUser.js
FN:3,(anonymous_0)
FN:11,(anonymous_1)
FNF:2
FNH:1
FNDA:1,(anonymous_0)
FNDA:0,(anonymous_1)
DA:1,1
DA:3,1
DA:4,1
DA:12,0
DA:16,1
LF:5
LH:4
BRF:0
BRH:0
end_of_record
